<?xml version="1.0" encoding="UTF-8"?>
<!-- Generated by org.testng.reporters.JUnitReportReporter -->
<testsuite hostname="LAPTOP-2AVP4BQP" failures="0" tests="2" name="multitest.PracticeTesting" time="30.259" errors="0" timestamp="2023-08-23T15:25:54 IST" skipped="0">
  <testcase classname="multitest.PracticeTesting" name="Test2" time="11.293"/>
  <testcase classname="multitest.PracticeTesting" name="Test1" time="18.966"/>
</testsuite> <!-- multitest.PracticeTesting -->
